{"@timestamp":"2026-03-01T08:00:00.000Z","service.name":"api-gateway","http.request.method":"GET","url.path":"/api/v1/products","http.response.status_code":200,"event.duration":45000000,"http.response.bytes":4521,"host.name":"api-01","labels.environment":"production","labels.region":"us-east-1"}
{"@timestamp":"2026-03-01T08:00:12.341Z","service.name":"api-gateway","http.request.method":"POST","url.path":"/api/v1/auth/login","http.response.status_code":200,"event.duration":182000000,"http.response.bytes":412,"host.name":"api-02","labels.environment":"production","labels.region":"us-east-1"}
{"@timestamp":"2026-03-01T08:00:31.778Z","service.name":"api-gateway","http.request.method":"GET","url.path":"/api/v1/recommendations","http.response.status_code":200,"event.duration":237000000,"http.response.bytes":8743,"host.name":"api-01","labels.environment":"production","labels.region":"us-east-1"}
{"@timestamp":"2026-03-01T08:00:48.112Z","service.name":"api-gateway","http.request.method":"GET","url.path":"/api/v1/search","http.response.status_code":200,"event.duration":98000000,"http.response.bytes":12488,"host.name":"api-02","labels.environment":"production","labels.region":"us-east-1"}
{"@timestamp":"2026-03-01T08:01:05.550Z","service.name":"api-gateway","http.request.method":"GET","url.path":"/api/v1/users/profile","http.response.status_code":200,"event.duration":61000000,"http.response.bytes":1024,"host.name":"api-01","labels.environment":"production","labels.region":"us-east-1"}
{"@timestamp":"2026-03-01T08:01:22.883Z","service.name":"api-gateway","http.request.method":"POST","url.path":"/api/v1/orders","http.response.status_code":201,"event.duration":445000000,"http.response.bytes":876,"host.name":"api-02","labels.environment":"production","labels.region":"us-east-1"}
{"@timestamp":"2026-03-01T08:01:41.229Z","service.name":"api-gateway","http.request.method":"GET","url.path":"/api/v1/cart/items","http.response.status_code":200,"event.duration":73000000,"http.response.bytes":2198,"host.name":"api-01","labels.environment":"production","labels.region":"us-east-1"}
{"@timestamp":"2026-03-01T08:01:58.664Z","service.name":"api-gateway","http.request.method":"GET","url.path":"/api/v1/products","http.response.status_code":200,"event.duration":52000000,"http.response.bytes":5103,"host.name":"api-02","labels.environment":"production","labels.region":"us-east-1"}
{"@timestamp":"2026-03-01T08:02:14.001Z","service.name":"api-gateway","http.request.method":"PUT","url.path":"/api/v1/cart/items","http.response.status_code":200,"event.duration":118000000,"http.response.bytes":543,"host.name":"api-01","labels.environment":"production","labels.region":"us-east-1"}
{"@timestamp":"2026-03-01T08:02:33.445Z","service.name":"api-gateway","http.request.method":"GET","url.path":"/api/v1/search","http.response.status_code":200,"event.duration":134000000,"http.response.bytes":9821,"host.name":"api-02","labels.environment":"production","labels.region":"us-east-1"}
{"@timestamp":"2026-03-01T08:02:51.778Z","service.name":"api-gateway","http.request.method":"GET","url.path":"/api/v1/products","http.response.status_code":404,"event.duration":12000000,"http.response.bytes":89,"host.name":"api-01","labels.environment":"production","labels.region":"us-east-1"}
{"@timestamp":"2026-03-01T08:03:09.112Z","service.name":"api-gateway","http.request.method":"POST","url.path":"/api/v1/auth/login","http.response.status_code":200,"event.duration":165000000,"http.response.bytes":398,"host.name":"api-02","labels.environment":"production","labels.region":"us-east-1"}
{"@timestamp":"2026-03-01T08:03:27.550Z","service.name":"api-gateway","http.request.method":"GET","url.path":"/api/v1/orders","http.response.status_code":200,"event.duration":289000000,"http.response.bytes":6712,"host.name":"api-01","labels.environment":"production","labels.region":"us-east-1"}
{"@timestamp":"2026-03-01T08:03:45.883Z","service.name":"api-gateway","http.request.method":"GET","url.path":"/api/v1/recommendations","http.response.status_code":200,"event.duration":312000000,"http.response.bytes":10234,"host.name":"api-02","labels.environment":"production","labels.region":"us-east-1"}
{"@timestamp":"2026-03-01T08:04:03.229Z","service.name":"api-gateway","http.request.method":"DELETE","url.path":"/api/v1/cart/items","http.response.status_code":200,"event.duration":88000000,"http.response.bytes":124,"host.name":"api-01","labels.environment":"production","labels.region":"us-east-1"}
{"@timestamp":"2026-03-01T08:04:21.664Z","service.name":"api-gateway","http.request.method":"GET","url.path":"/api/v1/users/profile","http.response.status_code":200,"event.duration":44000000,"http.response.bytes":988,"host.name":"api-02","labels.environment":"production","labels.region":"us-east-1"}
{"@timestamp":"2026-03-01T08:04:39.001Z","service.name":"api-gateway","http.request.method":"GET","url.path":"/api/v1/products","http.response.status_code":200,"event.duration":67000000,"http.response.bytes":4877,"host.name":"api-01","labels.environment":"production","labels.region":"us-east-1"}
{"@timestamp":"2026-03-01T08:04:57.445Z","service.name":"api-gateway","http.request.method":"POST","url.path":"/api/v1/orders","http.response.status_code":500,"event.duration":1023000000,"http.response.bytes":187,"host.name":"api-02","labels.environment":"production","labels.region":"us-east-1"}
{"@timestamp":"2026-03-01T08:05:15.778Z","service.name":"api-gateway","http.request.method":"GET","url.path":"/api/v1/search","http.response.status_code":200,"event.duration":111000000,"http.response.bytes":8456,"host.name":"api-01","labels.environment":"production","labels.region":"us-east-1"}
{"@timestamp":"2026-03-01T08:05:34.112Z","service.name":"api-gateway","http.request.method":"PUT","url.path":"/api/v1/users/profile","http.response.status_code":200,"event.duration":156000000,"http.response.bytes":632,"host.name":"api-02","labels.environment":"production","labels.region":"us-east-1"}
{"@timestamp":"2026-03-01T09:00:05.229Z","service.name":"api-gateway","http.request.method":"GET","url.path":"/api/v1/products","http.response.status_code":200,"event.duration":38000000,"http.response.bytes":4102,"host.name":"api-01","labels.environment":"production","labels.region":"us-east-1"}
{"@timestamp":"2026-03-01T09:00:22.664Z","service.name":"api-gateway","http.request.method":"POST","url.path":"/api/v1/auth/login","http.response.status_code":200,"event.duration":199000000,"http.response.bytes":421,"host.name":"api-02","labels.environment":"production","labels.region":"us-east-1"}
{"@timestamp":"2026-03-01T09:00:41.001Z","service.name":"api-gateway","http.request.method":"GET","url.path":"/api/v1/recommendations","http.response.status_code":200,"event.duration":278000000,"http.response.bytes":9345,"host.name":"api-01","labels.environment":"production","labels.region":"us-east-1"}
{"@timestamp":"2026-03-01T09:01:00.445Z","service.name":"api-gateway","http.request.method":"GET","url.path":"/api/v1/orders","http.response.status_code":200,"event.duration":341000000,"http.response.bytes":7891,"host.name":"api-02","labels.environment":"production","labels.region":"us-east-1"}
{"@timestamp":"2026-03-01T09:01:18.778Z","service.name":"api-gateway","http.request.method":"POST","url.path":"/api/v1/cart/items","http.response.status_code":201,"event.duration":94000000,"http.response.bytes":487,"host.name":"api-01","labels.environment":"production","labels.region":"us-east-1"}
{"@timestamp":"2026-03-01T09:01:37.112Z","service.name":"api-gateway","http.request.method":"GET","url.path":"/api/v1/search","http.response.status_code":200,"event.duration":87000000,"http.response.bytes":11234,"host.name":"api-02","labels.environment":"production","labels.region":"us-east-1"}
{"@timestamp":"2026-03-01T09:01:55.550Z","service.name":"api-gateway","http.request.method":"GET","url.path":"/api/v1/users/profile","http.response.status_code":200,"event.duration":55000000,"http.response.bytes":1102,"host.name":"api-01","labels.environment":"production","labels.region":"us-east-1"}
{"@timestamp":"2026-03-01T09:02:13.883Z","service.name":"api-gateway","http.request.method":"GET","url.path":"/api/v1/products","http.response.status_code":200,"event.duration":71000000,"http.response.bytes":5234,"host.name":"api-02","labels.environment":"production","labels.region":"us-east-1"}
{"@timestamp":"2026-03-01T09:02:32.229Z","service.name":"api-gateway","http.request.method":"GET","url.path":"/api/v1/cart/items","http.response.status_code":200,"event.duration":63000000,"http.response.bytes":1876,"host.name":"api-01","labels.environment":"production","labels.region":"us-east-1"}
{"@timestamp":"2026-03-01T09:02:50.664Z","service.name":"api-gateway","http.request.method":"GET","url.path":"/api/v1/search","http.response.status_code":404,"event.duration":8000000,"http.response.bytes":89,"host.name":"api-02","labels.environment":"production","labels.region":"us-east-1"}
{"@timestamp":"2026-03-01T10:00:07.001Z","service.name":"api-gateway","http.request.method":"GET","url.path":"/api/v1/products","http.response.status_code":200,"event.duration":42000000,"http.response.bytes":4788,"host.name":"api-01","labels.environment":"production","labels.region":"us-east-1"}
{"@timestamp":"2026-03-01T10:00:25.445Z","service.name":"api-gateway","http.request.method":"POST","url.path":"/api/v1/orders","http.response.status_code":201,"event.duration":512000000,"http.response.bytes":901,"host.name":"api-02","labels.environment":"production","labels.region":"us-east-1"}
{"@timestamp":"2026-03-01T10:00:44.778Z","service.name":"api-gateway","http.request.method":"GET","url.path":"/api/v1/recommendations","http.response.status_code":200,"event.duration":265000000,"http.response.bytes":9011,"host.name":"api-01","labels.environment":"production","labels.region":"us-east-1"}
{"@timestamp":"2026-03-01T10:01:02.112Z","service.name":"api-gateway","http.request.method":"GET","url.path":"/api/v1/search","http.response.status_code":200,"event.duration":103000000,"http.response.bytes":13556,"host.name":"api-02","labels.environment":"production","labels.region":"us-east-1"}
{"@timestamp":"2026-03-01T10:01:21.550Z","service.name":"api-gateway","http.request.method":"POST","url.path":"/api/v1/auth/login","http.response.status_code":200,"event.duration":178000000,"http.response.bytes":408,"host.name":"api-01","labels.environment":"production","labels.region":"us-east-1"}
{"@timestamp":"2026-03-01T10:01:39.883Z","service.name":"api-gateway","http.request.method":"GET","url.path":"/api/v1/users/profile","http.response.status_code":200,"event.duration":49000000,"http.response.bytes":976,"host.name":"api-02","labels.environment":"production","labels.region":"us-east-1"}
{"@timestamp":"2026-03-01T10:01:58.229Z","service.name":"api-gateway","http.request.method":"PUT","url.path":"/api/v1/cart/items","http.response.status_code":200,"event.duration":135000000,"http.response.bytes":521,"host.name":"api-01","labels.environment":"production","labels.region":"us-east-1"}
{"@timestamp":"2026-03-01T10:02:16.664Z","service.name":"api-gateway","http.request.method":"GET","url.path":"/api/v1/orders","http.response.status_code":200,"event.duration":298000000,"http.response.bytes":6543,"host.name":"api-02","labels.environment":"production","labels.region":"us-east-1"}
{"@timestamp":"2026-03-01T10:02:35.001Z","service.name":"api-gateway","http.request.method":"GET","url.path":"/api/v1/products","http.response.status_code":200,"event.duration":58000000,"http.response.bytes":4231,"host.name":"api-01","labels.environment":"production","labels.region":"us-east-1"}
{"@timestamp":"2026-03-01T10:02:53.445Z","service.name":"api-gateway","http.request.method":"DELETE","url.path":"/api/v1/cart/items","http.response.status_code":200,"event.duration":79000000,"http.response.bytes":118,"host.name":"api-02","labels.environment":"production","labels.region":"us-east-1"}
{"@timestamp":"2026-03-02T08:00:03.778Z","service.name":"api-gateway","http.request.method":"GET","url.path":"/api/v1/products","http.response.status_code":200,"event.duration":47000000,"http.response.bytes":4654,"host.name":"api-01","labels.environment":"production","labels.region":"us-east-1"}
{"@timestamp":"2026-03-02T08:00:22.112Z","service.name":"api-gateway","http.request.method":"POST","url.path":"/api/v1/auth/login","http.response.status_code":200,"event.duration":191000000,"http.response.bytes":415,"host.name":"api-02","labels.environment":"production","labels.region":"us-east-1"}
{"@timestamp":"2026-03-02T08:00:40.550Z","service.name":"api-gateway","http.request.method":"GET","url.path":"/api/v1/search","http.response.status_code":200,"event.duration":122000000,"http.response.bytes":10987,"host.name":"api-01","labels.environment":"production","labels.region":"us-east-1"}
{"@timestamp":"2026-03-02T08:00:59.883Z","service.name":"api-gateway","http.request.method":"GET","url.path":"/api/v1/recommendations","http.response.status_code":200,"event.duration":244000000,"http.response.bytes":8912,"host.name":"api-02","labels.environment":"production","labels.region":"us-east-1"}
{"@timestamp":"2026-03-02T08:01:18.229Z","service.name":"api-gateway","http.request.method":"GET","url.path":"/api/v1/orders","http.response.status_code":200,"event.duration":318000000,"http.response.bytes":7234,"host.name":"api-01","labels.environment":"production","labels.region":"us-east-1"}
{"@timestamp":"2026-03-02T08:01:36.664Z","service.name":"api-gateway","http.request.method":"POST","url.path":"/api/v1/cart/items","http.response.status_code":201,"event.duration":86000000,"http.response.bytes":492,"host.name":"api-02","labels.environment":"production","labels.region":"us-east-1"}
{"@timestamp":"2026-03-02T08:01:55.001Z","service.name":"api-gateway","http.request.method":"GET","url.path":"/api/v1/users/profile","http.response.status_code":200,"event.duration":53000000,"http.response.bytes":1087,"host.name":"api-01","labels.environment":"production","labels.region":"us-east-1"}
{"@timestamp":"2026-03-02T08:02:13.445Z","service.name":"api-gateway","http.request.method":"GET","url.path":"/api/v1/products","http.response.status_code":200,"event.duration":64000000,"http.response.bytes":5019,"host.name":"api-02","labels.environment":"production","labels.region":"us-east-1"}
{"@timestamp":"2026-03-02T08:02:32.778Z","service.name":"api-gateway","http.request.method":"PUT","url.path":"/api/v1/users/profile","http.response.status_code":200,"event.duration":143000000,"http.response.bytes":621,"host.name":"api-01","labels.environment":"production","labels.region":"us-east-1"}
{"@timestamp":"2026-03-02T08:02:50.112Z","service.name":"api-gateway","http.request.method":"GET","url.path":"/api/v1/search","http.response.status_code":200,"event.duration":109000000,"http.response.bytes":9765,"host.name":"api-02","labels.environment":"production","labels.region":"us-east-1"}
{"@timestamp":"2026-03-02T08:03:09.550Z","service.name":"api-gateway","http.request.method":"GET","url.path":"/api/v1/cart/items","http.response.status_code":200,"event.duration":69000000,"http.response.bytes":2041,"host.name":"api-01","labels.environment":"production","labels.region":"us-east-1"}
{"@timestamp":"2026-03-02T08:03:27.883Z","service.name":"api-gateway","http.request.method":"POST","url.path":"/api/v1/orders","http.response.status_code":201,"event.duration":489000000,"http.response.bytes":883,"host.name":"api-02","labels.environment":"production","labels.region":"us-east-1"}
{"@timestamp":"2026-03-02T08:03:46.229Z","service.name":"api-gateway","http.request.method":"GET","url.path":"/api/v1/products","http.response.status_code":404,"event.duration":11000000,"http.response.bytes":92,"host.name":"api-01","labels.environment":"production","labels.region":"us-east-1"}
{"@timestamp":"2026-03-02T08:04:04.664Z","service.name":"api-gateway","http.request.method":"GET","url.path":"/api/v1/recommendations","http.response.status_code":200,"event.duration":257000000,"http.response.bytes":9187,"host.name":"api-02","labels.environment":"production","labels.region":"us-east-1"}
{"@timestamp":"2026-03-02T09:00:01.001Z","service.name":"api-gateway","http.request.method":"GET","url.path":"/api/v1/products","http.response.status_code":200,"event.duration":41000000,"http.response.bytes":4398,"host.name":"api-01","labels.environment":"production","labels.region":"us-east-1"}
{"@timestamp":"2026-03-02T09:00:19.445Z","service.name":"api-gateway","http.request.method":"GET","url.path":"/api/v1/search","http.response.status_code":200,"event.duration":96000000,"http.response.bytes":11654,"host.name":"api-02","labels.environment":"production","labels.region":"us-east-1"}
{"@timestamp":"2026-03-02T09:00:38.778Z","service.name":"api-gateway","http.request.method":"POST","url.path":"/api/v1/auth/login","http.response.status_code":200,"event.duration":173000000,"http.response.bytes":407,"host.name":"api-01","labels.environment":"production","labels.region":"us-east-1"}
{"@timestamp":"2026-03-02T09:00:56.112Z","service.name":"api-gateway","http.request.method":"GET","url.path":"/api/v1/orders","http.response.status_code":200,"event.duration":276000000,"http.response.bytes":6987,"host.name":"api-02","labels.environment":"production","labels.region":"us-east-1"}
{"@timestamp":"2026-03-02T09:01:15.550Z","service.name":"api-gateway","http.request.method":"PUT","url.path":"/api/v1/cart/items","http.response.status_code":200,"event.duration":127000000,"http.response.bytes":534,"host.name":"api-01","labels.environment":"production","labels.region":"us-east-1"}
{"@timestamp":"2026-03-02T09:01:33.883Z","service.name":"api-gateway","http.request.method":"GET","url.path":"/api/v1/recommendations","http.response.status_code":200,"event.duration":291000000,"http.response.bytes":9432,"host.name":"api-02","labels.environment":"production","labels.region":"us-east-1"}
{"@timestamp":"2026-03-03T08:00:02.229Z","service.name":"api-gateway","http.request.method":"GET","url.path":"/api/v1/products","http.response.status_code":200,"event.duration":54000000,"http.response.bytes":4876,"host.name":"api-01","labels.environment":"production","labels.region":"us-east-1"}
{"@timestamp":"2026-03-03T08:00:20.664Z","service.name":"api-gateway","http.request.method":"POST","url.path":"/api/v1/auth/login","http.response.status_code":200,"event.duration":187000000,"http.response.bytes":418,"host.name":"api-02","labels.environment":"production","labels.region":"us-east-1"}
{"@timestamp":"2026-03-03T08:00:39.001Z","service.name":"api-gateway","http.request.method":"GET","url.path":"/api/v1/search","http.response.status_code":200,"event.duration":114000000,"http.response.bytes":12001,"host.name":"api-01","labels.environment":"production","labels.region":"us-east-1"}
{"@timestamp":"2026-03-03T08:00:57.445Z","service.name":"api-gateway","http.request.method":"GET","url.path":"/api/v1/cart/items","http.response.status_code":200,"event.duration":78000000,"http.response.bytes":1943,"host.name":"api-02","labels.environment":"production","labels.region":"us-east-1"}
{"@timestamp":"2026-03-03T08:01:16.778Z","service.name":"api-gateway","http.request.method":"GET","url.path":"/api/v1/orders","http.response.status_code":200,"event.duration":334000000,"http.response.bytes":7109,"host.name":"api-01","labels.environment":"production","labels.region":"us-east-1"}
{"@timestamp":"2026-03-03T08:01:35.112Z","service.name":"api-gateway","http.request.method":"GET","url.path":"/api/v1/recommendations","http.response.status_code":200,"event.duration":268000000,"http.response.bytes":8654,"host.name":"api-02","labels.environment":"production","labels.region":"us-east-1"}
{"@timestamp":"2026-03-03T08:01:53.550Z","service.name":"api-gateway","http.request.method":"GET","url.path":"/api/v1/users/profile","http.response.status_code":200,"event.duration":46000000,"http.response.bytes":1011,"host.name":"api-01","labels.environment":"production","labels.region":"us-east-1"}
{"@timestamp":"2026-03-03T08:02:12.883Z","service.name":"api-gateway","http.request.method":"POST","url.path":"/api/v1/cart/items","http.response.status_code":201,"event.duration":91000000,"http.response.bytes":501,"host.name":"api-02","labels.environment":"production","labels.region":"us-east-1"}
{"@timestamp":"2026-03-03T08:02:30.229Z","service.name":"api-gateway","http.request.method":"GET","url.path":"/api/v1/products","http.response.status_code":200,"event.duration":59000000,"http.response.bytes":5312,"host.name":"api-01","labels.environment":"production","labels.region":"us-east-1"}
{"@timestamp":"2026-03-03T08:02:49.664Z","service.name":"api-gateway","http.request.method":"GET","url.path":"/api/v1/search","http.response.status_code":200,"event.duration":101000000,"http.response.bytes":10234,"host.name":"api-02","labels.environment":"production","labels.region":"us-east-1"}
{"@timestamp":"2026-03-03T08:03:08.001Z","service.name":"api-gateway","http.request.method":"POST","url.path":"/api/v1/orders","http.response.status_code":201,"event.duration":468000000,"http.response.bytes":892,"host.name":"api-01","labels.environment":"production","labels.region":"us-east-1"}
{"@timestamp":"2026-03-03T08:03:27.445Z","service.name":"api-gateway","http.request.method":"GET","url.path":"/api/v1/users/profile","http.response.status_code":200,"event.duration":57000000,"http.response.bytes":1034,"host.name":"api-02","labels.environment":"production","labels.region":"us-east-1"}
{"@timestamp":"2026-03-04T08:00:04.778Z","service.name":"api-gateway","http.request.method":"GET","url.path":"/api/v1/products","http.response.status_code":200,"event.duration":43000000,"http.response.bytes":4543,"host.name":"api-01","labels.environment":"production","labels.region":"us-east-1"}
{"@timestamp":"2026-03-04T08:00:23.112Z","service.name":"api-gateway","http.request.method":"POST","url.path":"/api/v1/auth/login","http.response.status_code":200,"event.duration":196000000,"http.response.bytes":411,"host.name":"api-02","labels.environment":"production","labels.region":"us-east-1"}
{"@timestamp":"2026-03-04T08:00:41.550Z","service.name":"api-gateway","http.request.method":"GET","url.path":"/api/v1/recommendations","http.response.status_code":200,"event.duration":249000000,"http.response.bytes":9234,"host.name":"api-01","labels.environment":"production","labels.region":"us-east-1"}
{"@timestamp":"2026-03-04T08:01:00.883Z","service.name":"api-gateway","http.request.method":"GET","url.path":"/api/v1/search","http.response.status_code":200,"event.duration":118000000,"http.response.bytes":11089,"host.name":"api-02","labels.environment":"production","labels.region":"us-east-1"}
{"@timestamp":"2026-03-04T08:01:19.229Z","service.name":"api-gateway","http.request.method":"GET","url.path":"/api/v1/cart/items","http.response.status_code":200,"event.duration":71000000,"http.response.bytes":2112,"host.name":"api-01","labels.environment":"production","labels.region":"us-east-1"}
{"@timestamp":"2026-03-04T08:01:38.664Z","service.name":"api-gateway","http.request.method":"GET","url.path":"/api/v1/orders","http.response.status_code":200,"event.duration":305000000,"http.response.bytes":6876,"host.name":"api-02","labels.environment":"production","labels.region":"us-east-1"}
{"@timestamp":"2026-03-04T08:01:57.001Z","service.name":"api-gateway","http.request.method":"PUT","url.path":"/api/v1/users/profile","http.response.status_code":200,"event.duration":138000000,"http.response.bytes":608,"host.name":"api-01","labels.environment":"production","labels.region":"us-east-1"}
{"@timestamp":"2026-03-04T08:02:15.445Z","service.name":"api-gateway","http.request.method":"GET","url.path":"/api/v1/products","http.response.status_code":404,"event.duration":9000000,"http.response.bytes":91,"host.name":"api-02","labels.environment":"production","labels.region":"us-east-1"}
{"@timestamp":"2026-03-04T08:02:34.778Z","service.name":"api-gateway","http.request.method":"POST","url.path":"/api/v1/cart/items","http.response.status_code":201,"event.duration":89000000,"http.response.bytes":478,"host.name":"api-01","labels.environment":"production","labels.region":"us-east-1"}
{"@timestamp":"2026-03-04T08:02:53.112Z","service.name":"api-gateway","http.request.method":"GET","url.path":"/api/v1/search","http.response.status_code":200,"event.duration":107000000,"http.response.bytes":10456,"host.name":"api-02","labels.environment":"production","labels.region":"us-east-1"}
{"@timestamp":"2026-03-05T08:00:01.550Z","service.name":"api-gateway","http.request.method":"GET","url.path":"/api/v1/products","http.response.status_code":200,"event.duration":48000000,"http.response.bytes":4712,"host.name":"api-01","labels.environment":"production","labels.region":"us-east-1"}
{"@timestamp":"2026-03-05T08:00:19.883Z","service.name":"api-gateway","http.request.method":"POST","url.path":"/api/v1/auth/login","http.response.status_code":200,"event.duration":183000000,"http.response.bytes":403,"host.name":"api-02","labels.environment":"production","labels.region":"us-east-1"}
{"@timestamp":"2026-03-05T08:00:38.229Z","service.name":"api-gateway","http.request.method":"GET","url.path":"/api/v1/recommendations","http.response.status_code":200,"event.duration":255000000,"http.response.bytes":8876,"host.name":"api-01","labels.environment":"production","labels.region":"us-east-1"}
{"@timestamp":"2026-03-05T08:00:56.664Z","service.name":"api-gateway","http.request.method":"GET","url.path":"/api/v1/search","http.response.status_code":200,"event.duration":93000000,"http.response.bytes":11321,"host.name":"api-02","labels.environment":"production","labels.region":"us-east-1"}
{"@timestamp":"2026-03-05T08:01:15.001Z","service.name":"api-gateway","http.request.method":"GET","url.path":"/api/v1/orders","http.response.status_code":200,"event.duration":329000000,"http.response.bytes":7045,"host.name":"api-01","labels.environment":"production","labels.region":"us-east-1"}
{"@timestamp":"2026-03-05T08:01:34.445Z","service.name":"api-gateway","http.request.method":"POST","url.path":"/api/v1/orders","http.response.status_code":201,"event.duration":501000000,"http.response.bytes":897,"host.name":"api-02","labels.environment":"production","labels.region":"us-east-1"}
{"@timestamp":"2026-03-05T08:01:52.778Z","service.name":"api-gateway","http.request.method":"GET","url.path":"/api/v1/cart/items","http.response.status_code":200,"event.duration":66000000,"http.response.bytes":1998,"host.name":"api-01","labels.environment":"production","labels.region":"us-east-1"}
{"@timestamp":"2026-03-05T08:02:11.112Z","service.name":"api-gateway","http.request.method":"GET","url.path":"/api/v1/users/profile","http.response.status_code":200,"event.duration":51000000,"http.response.bytes":1056,"host.name":"api-02","labels.environment":"production","labels.region":"us-east-1"}
{"@timestamp":"2026-03-05T08:02:29.550Z","service.name":"api-gateway","http.request.method":"GET","url.path":"/api/v1/products","http.response.status_code":200,"event.duration":62000000,"http.response.bytes":4967,"host.name":"api-01","labels.environment":"production","labels.region":"us-east-1"}
{"@timestamp":"2026-03-05T08:02:48.883Z","service.name":"api-gateway","http.request.method":"DELETE","url.path":"/api/v1/cart/items","http.response.status_code":200,"event.duration":84000000,"http.response.bytes":121,"host.name":"api-02","labels.environment":"production","labels.region":"us-east-1"}
{"@timestamp":"2026-03-05T08:03:07.229Z","service.name":"api-gateway","http.request.method":"GET","url.path":"/api/v1/search","http.response.status_code":200,"event.duration":119000000,"http.response.bytes":10789,"host.name":"api-01","labels.environment":"production","labels.region":"us-east-1"}
{"@timestamp":"2026-03-05T08:03:25.664Z","service.name":"api-gateway","http.request.method":"GET","url.path":"/api/v1/recommendations","http.response.status_code":500,"event.duration":987000000,"http.response.bytes":178,"host.name":"api-02","labels.environment":"production","labels.region":"us-east-1"}
{"@timestamp":"2026-03-05T08:03:44.001Z","service.name":"api-gateway","http.request.method":"GET","url.path":"/api/v1/orders","http.response.status_code":200,"event.duration":322000000,"http.response.bytes":7234,"host.name":"api-01","labels.environment":"production","labels.region":"us-east-1"}
{"@timestamp":"2026-03-05T08:04:02.445Z","service.name":"api-gateway","http.request.method":"POST","url.path":"/api/v1/auth/login","http.response.status_code":200,"event.duration":194000000,"http.response.bytes":406,"host.name":"api-02","labels.environment":"production","labels.region":"us-east-1"}
{"@timestamp":"2026-03-05T08:04:21.778Z","service.name":"api-gateway","http.request.method":"GET","url.path":"/api/v1/users/profile","http.response.status_code":200,"event.duration":48000000,"http.response.bytes":1021,"host.name":"api-01","labels.environment":"production","labels.region":"us-east-1"}
{"@timestamp":"2026-03-05T08:04:40.112Z","service.name":"api-gateway","http.request.method":"PUT","url.path":"/api/v1/cart/items","http.response.status_code":200,"event.duration":131000000,"http.response.bytes":527,"host.name":"api-02","labels.environment":"production","labels.region":"us-east-1"}
{"@timestamp":"2026-03-05T08:04:58.550Z","service.name":"api-gateway","http.request.method":"GET","url.path":"/api/v1/products","http.response.status_code":404,"event.duration":10000000,"http.response.bytes":90,"host.name":"api-01","labels.environment":"production","labels.region":"us-east-1"}
{"@timestamp":"2026-03-05T08:05:17.883Z","service.name":"api-gateway","http.request.method":"GET","url.path":"/api/v1/recommendations","http.response.status_code":200,"event.duration":241000000,"http.response.bytes":8998,"host.name":"api-02","labels.environment":"production","labels.region":"us-east-1"}
